<?xml version="1.0" encoding="UTF-8"?>
<testng-results skipped="0" failed="0" ignored="0" total="1" passed="1">
  <reporter-output>
  </reporter-output>
  <suite name="Default suite" duration-ms="20200" started-at="2020-01-25T07:13:23Z" finished-at="2020-01-25T07:13:43Z">
    <groups>
    </groups>
    <test name="Default test" duration-ms="20200" started-at="2020-01-25T07:13:23Z" finished-at="2020-01-25T07:13:43Z">
      <class name="com.Pproperties.scripts.LaunchBrowser">
        <test-method status="PASS" signature="tc_01()[pri:0, instance:com.Pproperties.scripts.LaunchBrowser@16a51ab]" name="tc_01" duration-ms="20139" started-at="2020-01-25T07:13:23Z" finished-at="2020-01-25T07:13:43Z">
          <reporter-output>
          </reporter-output>
        </test-method> <!-- tc_01 -->
      </class> <!-- com.Pproperties.scripts.LaunchBrowser -->
    </test> <!-- Default test -->
  </suite> <!-- Default suite -->
</testng-results>
